<?xml version="1.0" encoding="UTF-8"?>
<testsuite name="wanted.moneymwoni.app.category.infra.CategoryServiceImplTest" tests="1" skipped="0" failures="0" errors="0" timestamp="2023-11-10T06:00:09" hostname="Jaekwonui-MacBookPro.local" time="1.057">
  <properties/>
  <testcase name="test_findAll()" classname="wanted.moneymwoni.app.category.infra.CategoryServiceImplTest" time="1.057"/>
  <system-out><![CDATA[15:00:02.707 [Test worker] INFO org.springframework.test.context.support.AnnotationConfigContextLoaderUtils -- Could not detect default configuration classes for test class [wanted.moneymwoni.app.category.infra.CategoryServiceImplTest]: CategoryServiceImplTest does not declare any static, non-private, non-final, nested classes annotated with @Configuration.
15:00:02.888 [Test worker] INFO org.springframework.boot.test.context.SpringBootTestContextBootstrapper -- Found @SpringBootConfiguration wanted.moneymwoni.Application for test class wanted.moneymwoni.app.category.infra.CategoryServiceImplTest

  .   ____          _            __ _ _
 /\\ / ___'_ __ _ _(_)_ __  __ _ \ \ \ \
( ( )\___ | '_ | '_| | '_ \/ _` | \ \ \ \
 \\/  ___)| |_)| | | | | || (_| |  ) ) ) )
  '  |____| .__|_| |_|_| |_\__, | / / / /
 =========|_|==============|___/=/_/_/_/
 :: Spring Boot ::                (v3.1.5)

2023-11-10T15:00:03.589+09:00  INFO 83631 --- [    Test worker] w.m.a.c.infra.CategoryServiceImplTest    : Starting CategoryServiceImplTest using Java 17.0.8 with PID 83631 (started by gape in /Users/gape/Workspace/wanted_3rd_assignment_moneymwoni)
2023-11-10T15:00:03.592+09:00  INFO 83631 --- [    Test worker] w.m.a.c.infra.CategoryServiceImplTest    : No active profile set, falling back to 1 default profile: "default"
2023-11-10T15:00:04.654+09:00  INFO 83631 --- [    Test worker] .s.d.r.c.RepositoryConfigurationDelegate : Multiple Spring Data modules found, entering strict repository configuration mode
2023-11-10T15:00:04.657+09:00  INFO 83631 --- [    Test worker] .s.d.r.c.RepositoryConfigurationDelegate : Bootstrapping Spring Data JDBC repositories in DEFAULT mode.
2023-11-10T15:00:04.705+09:00  INFO 83631 --- [    Test worker] .RepositoryConfigurationExtensionSupport : Spring Data JDBC - Could not safely identify store assignment for repository candidate interface wanted.moneymwoni.app.budget.domain.BudgetRepository; If you want this repository to be a JDBC repository, consider annotating your entities with one of these annotations: org.springframework.data.relational.core.mapping.Table.
2023-11-10T15:00:04.707+09:00  INFO 83631 --- [    Test worker] .RepositoryConfigurationExtensionSupport : Spring Data JDBC - Could not safely identify store assignment for repository candidate interface wanted.moneymwoni.app.category.domain.CategoryRepository; If you want this repository to be a JDBC repository, consider annotating your entities with one of these annotations: org.springframework.data.relational.core.mapping.Table.
2023-11-10T15:00:04.709+09:00  INFO 83631 --- [    Test worker] .RepositoryConfigurationExtensionSupport : Spring Data JDBC - Could not safely identify store assignment for repository candidate interface wanted.moneymwoni.app.expend.domain.ExpendRepository; If you want this repository to be a JDBC repository, consider annotating your entities with one of these annotations: org.springframework.data.relational.core.mapping.Table.
2023-11-10T15:00:04.710+09:00  INFO 83631 --- [    Test worker] .RepositoryConfigurationExtensionSupport : Spring Data JDBC - Could not safely identify store assignment for repository candidate interface wanted.moneymwoni.app.member.domain.MemberRepository; If you want this repository to be a JDBC repository, consider annotating your entities with one of these annotations: org.springframework.data.relational.core.mapping.Table.
2023-11-10T15:00:04.711+09:00  INFO 83631 --- [    Test worker] .s.d.r.c.RepositoryConfigurationDelegate : Finished Spring Data repository scanning in 46 ms. Found 0 JDBC repository interfaces.
2023-11-10T15:00:04.724+09:00  INFO 83631 --- [    Test worker] .s.d.r.c.RepositoryConfigurationDelegate : Multiple Spring Data modules found, entering strict repository configuration mode
2023-11-10T15:00:04.727+09:00  INFO 83631 --- [    Test worker] .s.d.r.c.RepositoryConfigurationDelegate : Bootstrapping Spring Data JPA repositories in DEFAULT mode.
2023-11-10T15:00:04.769+09:00  INFO 83631 --- [    Test worker] .s.d.r.c.RepositoryConfigurationDelegate : Finished Spring Data repository scanning in 35 ms. Found 4 JPA repository interfaces.
2023-11-10T15:00:05.279+09:00  INFO 83631 --- [    Test worker] com.zaxxer.hikari.HikariDataSource       : HikariPool-1 - Starting...
2023-11-10T15:00:05.567+09:00  INFO 83631 --- [    Test worker] com.zaxxer.hikari.pool.HikariPool        : HikariPool-1 - Added connection conn0: url=jdbc:h2:mem:moneymwoni user=SA
2023-11-10T15:00:05.570+09:00  INFO 83631 --- [    Test worker] com.zaxxer.hikari.HikariDataSource       : HikariPool-1 - Start completed.
2023-11-10T15:00:05.739+09:00  INFO 83631 --- [    Test worker] o.hibernate.jpa.internal.util.LogHelper  : HHH000204: Processing PersistenceUnitInfo [name: default]
2023-11-10T15:00:05.839+09:00  INFO 83631 --- [    Test worker] org.hibernate.Version                    : HHH000412: Hibernate ORM core version 6.2.13.Final
2023-11-10T15:00:05.842+09:00  INFO 83631 --- [    Test worker] org.hibernate.cfg.Environment            : HHH000406: Using bytecode reflection optimizer
2023-11-10T15:00:06.304+09:00  INFO 83631 --- [    Test worker] o.s.o.j.p.SpringPersistenceUnitInfo      : No LoadTimeWeaver setup: ignoring JPA class transformer
2023-11-10T15:00:07.634+09:00  INFO 83631 --- [    Test worker] o.h.e.t.j.p.i.JtaPlatformInitiator       : HHH000489: No JTA platform available (set 'hibernate.transaction.jta.platform' to enable JTA platform integration)
2023-11-10T15:00:07.671+09:00  INFO 83631 --- [    Test worker] j.LocalContainerEntityManagerFactoryBean : Initialized JPA EntityManagerFactory for persistence unit 'default'
2023-11-10T15:00:08.186+09:00  WARN 83631 --- [    Test worker] JpaBaseConfiguration$JpaWebConfiguration : spring.jpa.open-in-view is enabled by default. Therefore, database queries may be performed during view rendering. Explicitly configure spring.jpa.open-in-view to disable this warning
2023-11-10T15:00:09.226+09:00  INFO 83631 --- [    Test worker] o.s.b.a.h2.H2ConsoleAutoConfiguration    : H2 console available at '/h2'. Database available at 'jdbc:h2:mem:moneymwoni'
2023-11-10T15:00:09.277+09:00  WARN 83631 --- [    Test worker] .s.s.UserDetailsServiceAutoConfiguration : 

Using generated security password: dadaa7ac-6f70-4140-92e9-f5e7fe6ce02a

This generated password is for development use only. Your security configuration must be updated before running your application in production.

2023-11-10T15:00:09.496+09:00  INFO 83631 --- [    Test worker] o.s.s.web.DefaultSecurityFilterChain     : Will secure any request with [org.springframework.security.web.session.DisableEncodeUrlFilter@6e2764c9, org.springframework.security.web.context.request.async.WebAsyncManagerIntegrationFilter@6e5106fc, org.springframework.security.web.context.SecurityContextHolderFilter@12ef7db5, org.springframework.security.web.header.HeaderWriterFilter@6f4e39b3, org.springframework.security.web.csrf.CsrfFilter@7b8d1537, org.springframework.security.web.authentication.logout.LogoutFilter@16117d9, org.springframework.security.web.authentication.UsernamePasswordAuthenticationFilter@11c372e9, org.springframework.security.web.authentication.ui.DefaultLoginPageGeneratingFilter@7b8b755d, org.springframework.security.web.authentication.ui.DefaultLogoutPageGeneratingFilter@70199db0, org.springframework.security.web.authentication.www.BasicAuthenticationFilter@4ab959e8, org.springframework.security.web.savedrequest.RequestCacheAwareFilter@3a8cc099, org.springframework.security.web.servletapi.SecurityContextHolderAwareRequestFilter@5e572ad6, org.springframework.security.web.authentication.AnonymousAuthenticationFilter@274b0c2a, org.springframework.security.web.access.ExceptionTranslationFilter@6179551b, org.springframework.security.web.access.intercept.AuthorizationFilter@a642c54]
2023-11-10T15:00:09.555+09:00  INFO 83631 --- [    Test worker] w.m.a.c.infra.CategoryServiceImplTest    : Started CategoryServiceImplTest in 6.348 seconds (process running for 8.242)
2023-11-10T15:00:09.558+09:00  INFO 83631 --- [    Test worker] o.s.b.a.b.JobLauncherApplicationRunner   : Running default command line with: []
Category(id=1, name=test1, percentage=null, budgetAllocated=null, budget=null)
Category(id=2, name=test2, percentage=null, budgetAllocated=null, budget=null)
]]></system-out>
  <system-err><![CDATA[]]></system-err>
</testsuite>
